<?xml version="1.0" encoding="UTF-8"?>
<!-- Generated by org.testng.reporters.JUnitXMLReporter -->
<testsuite hostname="KineticSkunk-Af" ignored="0" name="Surefire test" tests="13" failures="0" timestamp="2021-11-16T17:07:46 CAT" time="339.359" errors="0">
  <testcase name="feature" time="0.501" classname="cucumber.api.testng.AbstractTestNGCucumberTests"/>
  <testcase name="feature" time="16.337" classname="cucumber.api.testng.AbstractTestNGCucumberTests"/>
  <testcase name="feature" time="30.848" classname="cucumber.api.testng.AbstractTestNGCucumberTests"/>
  <testcase name="feature" time="32.443" classname="cucumber.api.testng.AbstractTestNGCucumberTests"/>
  <testcase name="feature" time="13.126" classname="cucumber.api.testng.AbstractTestNGCucumberTests"/>
  <testcase name="feature" time="30.972" classname="cucumber.api.testng.AbstractTestNGCucumberTests"/>
  <testcase name="feature" time="31.072" classname="cucumber.api.testng.AbstractTestNGCucumberTests"/>
  <testcase name="feature" time="15.538" classname="cucumber.api.testng.AbstractTestNGCucumberTests"/>
  <testcase name="feature" time="10.109" classname="cucumber.api.testng.AbstractTestNGCucumberTests"/>
  <testcase name="feature" time="32.423" classname="cucumber.api.testng.AbstractTestNGCucumberTests"/>
  <testcase name="feature" time="32.103" classname="cucumber.api.testng.AbstractTestNGCucumberTests"/>
  <testcase name="feature" time="28.415" classname="cucumber.api.testng.AbstractTestNGCucumberTests"/>
  <testcase name="feature" time="61.252" classname="cucumber.api.testng.AbstractTestNGCucumberTests"/>
</testsuite> <!-- Surefire test -->
